<?xml version="1.0" encoding="UTF-8"?>
<testsuite xmlns:xsi="http://www.w3.org/2001/XMLSchema-instance" xsi:noNamespaceSchemaLocation="https://maven.apache.org/surefire/maven-surefire-plugin/xsd/surefire-test-report-3.0.xsd" version="3.0" name="com.legacy.loot.LegacyLootApplicationTests" time="3.404" tests="1" errors="0" skipped="0" failures="0">
  <properties>
[...]
</properties>
  <testcase name="contextLoads" classname="com.legacy.loot.LegacyLootApplicationTests" time="0.682">
    <system-out><![CDATA[22:37:52.912 [main] INFO org.springframework.test.context.support.AnnotationConfigContextLoaderUtils -- Could not detect default configuration classes for test class [com.legacy.loot.LegacyLootApplicationTests]: LegacyLootApplicationTests does not declare any static, non-private, non-final, nested classes annotated with @Configuration.
22:37:53.001 [main] INFO org.springframework.boot.test.context.SpringBootTestContextBootstrapper -- Found @SpringBootConfiguration com.legacy.loot.LegacyLootApplication for test class com.legacy.loot.LegacyLootApplicationTests
22:37:53.144 [main] INFO org.springframework.boot.devtools.restart.RestartApplicationListener -- Restart disabled due to context in which it is running
  .   ____          _            __ _ _
 /\\ / ___'_ __ _ _(_)_ __  __ _ \ \ \ \
( ( )\___ | '_ | '_| | '_ \/ _` | \ \ \ \
 \\/  ___)| |_)| | | | | || (_| |  ) ) ) )
  '  |____| .__|_| |_|_| |_\__, | / / / /
 =========|_|==============|___/=/_/_/_/

 :: Spring Boot ::                (v3.3.0)

2024-06-17T22:37:53.339+05:30  INFO 26212 --- [legacy loot] [           main] c.l.loot.LegacyLootApplicationTests      : Starting LegacyLootApplicationTests using Java 21.0.3 with PID 26212 (started by BHARATH in E:\Unity\loot)
2024-06-17T22:37:53.340+05:30  INFO 26212 --- [legacy loot] [           main] c.l.loot.LegacyLootApplicationTests      : No active profile set, falling back to 1 default profile: "default"
2024-06-17T22:37:53.792+05:30  INFO 26212 --- [legacy loot] [           main] .s.d.r.c.RepositoryConfigurationDelegate : Bootstrapping Spring Data MongoDB repositories in DEFAULT mode.
2024-06-17T22:37:53.833+05:30  INFO 26212 --- [legacy loot] [           main] .s.d.r.c.RepositoryConfigurationDelegate : Finished Spring Data repository scanning in 38 ms. Found 1 MongoDB repository interface.
2024-06-17T22:37:54.224+05:30  INFO 26212 --- [legacy loot] [kv8.mongodb.net] org.mongodb.driver.cluster               : Adding discovered server ac-b1ryjhk-shard-00-01.pmhjkv8.mongodb.net:27017 to client view of cluster
2024-06-17T22:37:54.259+05:30  INFO 26212 --- [legacy loot] [           main] org.mongodb.driver.client                : MongoClient with metadata {"application": {"name": "Cluster0"}, "driver": {"name": "mongo-java-driver|sync|spring-boot", "version": "5.0.1"}, "os": {"type": "Windows", "name": "Windows 11", "architecture": "amd64", "version": "10.0"}, "platform": "Java/Eclipse Adoptium/21.0.3+9-LTS"} created with settings MongoClientSettings{readPreference=primary, writeConcern=WriteConcern{w=majority, wTimeout=null ms, journal=null}, retryWrites=true, retryReads=true, readConcern=ReadConcern{level=null}, credential=MongoCredential{mechanism=null, userName='legacyloot', source='admin', password=<hidden>, mechanismProperties=<hidden>}, transportSettings=null, commandListeners=[], codecRegistry=ProvidersCodecRegistry{codecProviders=[ValueCodecProvider{}, BsonValueCodecProvider{}, DBRefCodecProvider{}, DBObjectCodecProvider{}, DocumentCodecProvider{}, CollectionCodecProvider{}, IterableCodecProvider{}, MapCodecProvider{}, GeoJsonCodecProvider{}, GridFSFileCodecProvider{}, Jsr310CodecProvider{}, JsonObjectCodecProvider{}, BsonCodecProvider{}, EnumCodecProvider{}, com.mongodb.client.model.mql.ExpressionCodecProvider@69909c14, com.mongodb.Jep395RecordCodecProvider@5d3b58ca, com.mongodb.KotlinCodecProvider@4e224df5]}, loggerSettings=LoggerSettings{maxDocumentLength=1000}, clusterSettings={hosts=[127.0.0.1:27017], srvHost=cluster0.pmhjkv8.mongodb.net, srvServiceName=mongodb, mode=MULTIPLE, requiredClusterType=REPLICA_SET, requiredReplicaSetName='atlas-cw3gky-shard-0', serverSelector='null', clusterListeners='[]', serverSelectionTimeout='30000 ms', localThreshold='15 ms'}, socketSettings=SocketSettings{connectTimeoutMS=10000, readTimeoutMS=0, receiveBufferSize=0, proxySettings=ProxySettings{host=null, port=null, username=null, password=null}}, heartbeatSocketSettings=SocketSettings{connectTimeoutMS=10000, readTimeoutMS=10000, receiveBufferSize=0, proxySettings=ProxySettings{host=null, port=null, username=null, password=null}}, connectionPoolSettings=ConnectionPoolSettings{maxSize=100, minSize=0, maxWaitTimeMS=120000, maxConnectionLifeTimeMS=0, maxConnectionIdleTimeMS=0, maintenanceInitialDelayMS=0, maintenanceFrequencyMS=60000, connectionPoolListeners=[], maxConnecting=2}, serverSettings=ServerSettings{heartbeatFrequencyMS=10000, minHeartbeatFrequencyMS=500, serverListeners='[]', serverMonitorListeners='[]'}, sslSettings=SslSettings{enabled=true, invalidHostNameAllowed=false, context=null}, applicationName='Cluster0', compressorList=[], uuidRepresentation=JAVA_LEGACY, serverApi=null, autoEncryptionSettings=null, dnsClient=null, inetAddressResolver=null, contextProvider=null}
2024-06-17T22:37:54.266+05:30  INFO 26212 --- [legacy loot] [kv8.mongodb.net] org.mongodb.driver.cluster               : Adding discovered server ac-b1ryjhk-shard-00-02.pmhjkv8.mongodb.net:27017 to client view of cluster
2024-06-17T22:37:54.268+05:30  INFO 26212 --- [legacy loot] [kv8.mongodb.net] org.mongodb.driver.cluster               : Adding discovered server ac-b1ryjhk-shard-00-00.pmhjkv8.mongodb.net:27017 to client view of cluster
2024-06-17T22:37:54.835+05:30  INFO 26212 --- [legacy loot] [ngodb.net:27017] org.mongodb.driver.cluster               : Monitor thread successfully connected to server with description ServerDescription{address=ac-b1ryjhk-shard-00-02.pmhjkv8.mongodb.net:27017, type=REPLICA_SET_PRIMARY, state=CONNECTED, ok=true, minWireVersion=0, maxWireVersion=21, maxDocumentSize=16777216, logicalSessionTimeoutMinutes=30, roundTripTimeNanos=343903000, setName='atlas-cw3gky-shard-0', canonicalAddress=ac-b1ryjhk-shard-00-02.pmhjkv8.mongodb.net:27017, hosts=[ac-b1ryjhk-shard-00-00.pmhjkv8.mongodb.net:27017, ac-b1ryjhk-shard-00-01.pmhjkv8.mongodb.net:27017, ac-b1ryjhk-shard-00-02.pmhjkv8.mongodb.net:27017], passives=[], arbiters=[], primary='ac-b1ryjhk-shard-00-02.pmhjkv8.mongodb.net:27017', tagSet=TagSet{[Tag{name='availabilityZone', value='aps1-az2'}, Tag{name='diskState', value='READY'}, Tag{name='nodeType', value='ELECTABLE'}, Tag{name='provider', value='AWS'}, Tag{name='region', value='AP_SOUTH_1'}, Tag{name='workloadType', value='OPERATIONAL'}]}, electionId=7fffffff0000000000000059, setVersion=71, topologyVersion=TopologyVersion{processId=666947be4a1cd22e8885a994, counter=9}, lastWriteDate=Mon Jun 17 22:37:55 IST 2024, lastUpdateTimeNanos=122869249032700}
2024-06-17T22:37:54.835+05:30  INFO 26212 --- [legacy loot] [ngodb.net:27017] org.mongodb.driver.cluster               : Monitor thread successfully connected to server with description ServerDescription{address=ac-b1ryjhk-shard-00-00.pmhjkv8.mongodb.net:27017, type=REPLICA_SET_SECONDARY, state=CONNECTED, ok=true, minWireVersion=0, maxWireVersion=21, maxDocumentSize=16777216, logicalSessionTimeoutMinutes=30, roundTripTimeNanos=343817300, setName='atlas-cw3gky-shard-0', canonicalAddress=ac-b1ryjhk-shard-00-00.pmhjkv8.mongodb.net:27017, hosts=[ac-b1ryjhk-shard-00-00.pmhjkv8.mongodb.net:27017, ac-b1ryjhk-shard-00-01.pmhjkv8.mongodb.net:27017, ac-b1ryjhk-shard-00-02.pmhjkv8.mongodb.net:27017], passives=[], arbiters=[], primary='ac-b1ryjhk-shard-00-02.pmhjkv8.mongodb.net:27017', tagSet=TagSet{[Tag{name='availabilityZone', value='aps1-az1'}, Tag{name='diskState', value='READY'}, Tag{name='nodeType', value='ELECTABLE'}, Tag{name='provider', value='AWS'}, Tag{name='region', value='AP_SOUTH_1'}, Tag{name='workloadType', value='OPERATIONAL'}]}, electionId=null, setVersion=71, topologyVersion=TopologyVersion{processId=666948d06b26af3221290a12, counter=5}, lastWriteDate=Mon Jun 17 22:37:55 IST 2024, lastUpdateTimeNanos=122869249032800}
2024-06-17T22:37:54.835+05:30  INFO 26212 --- [legacy loot] [ngodb.net:27017] org.mongodb.driver.cluster               : Monitor thread successfully connected to server with description ServerDescription{address=ac-b1ryjhk-shard-00-01.pmhjkv8.mongodb.net:27017, type=REPLICA_SET_SECONDARY, state=CONNECTED, ok=true, minWireVersion=0, maxWireVersion=21, maxDocumentSize=16777216, logicalSessionTimeoutMinutes=30, roundTripTimeNanos=343903100, setName='atlas-cw3gky-shard-0', canonicalAddress=ac-b1ryjhk-shard-00-01.pmhjkv8.mongodb.net:27017, hosts=[ac-b1ryjhk-shard-00-00.pmhjkv8.mongodb.net:27017, ac-b1ryjhk-shard-00-01.pmhjkv8.mongodb.net:27017, ac-b1ryjhk-shard-00-02.pmhjkv8.mongodb.net:27017], passives=[], arbiters=[], primary='ac-b1ryjhk-shard-00-02.pmhjkv8.mongodb.net:27017', tagSet=TagSet{[Tag{name='availabilityZone', value='aps1-az3'}, Tag{name='diskState', value='READY'}, Tag{name='nodeType', value='ELECTABLE'}, Tag{name='provider', value='AWS'}, Tag{name='region', value='AP_SOUTH_1'}, Tag{name='workloadType', value='OPERATIONAL'}]}, electionId=null, setVersion=71, topologyVersion=TopologyVersion{processId=666949ea6ecf27cb7e34b365, counter=5}, lastWriteDate=Mon Jun 17 22:37:55 IST 2024, lastUpdateTimeNanos=122869249032800}
2024-06-17T22:37:54.842+05:30  INFO 26212 --- [legacy loot] [ngodb.net:27017] org.mongodb.driver.cluster               : Discovered replica set primary ac-b1ryjhk-shard-00-02.pmhjkv8.mongodb.net:27017 with max election id 7fffffff0000000000000059 and max set version 71
2024-06-17T22:37:55.464+05:30  INFO 26212 --- [legacy loot] [           main] c.l.loot.LegacyLootApplicationTests      : Started LegacyLootApplicationTests in 2.332 seconds (process running for 3.092)
]]></system-out>
    <system-err><![CDATA[WARNING: A Java agent has been loaded dynamically (C:\Users\BHARATH\.m2\repository\net\bytebuddy\byte-buddy-agent\1.14.16\byte-buddy-agent-1.14.16.jar)
WARNING: If a serviceability tool is in use, please run with -XX:+EnableDynamicAgentLoading to hide this warning
WARNING: If a serviceability tool is not in use, please run with -Djdk.instrument.traceUsage for more information
WARNING: Dynamic loading of agents will be disallowed by default in a future release
]]></system-err>
  </testcase>
</testsuite>